<?xml version="1.0" encoding="UTF-8"?>
<!-- Generated by org.testng.reporters.JUnitXMLReporter -->
<testsuite ignored="0" hostname="DESKTOP-LJK526Q" failures="1" tests="1" name="Test" time="198.554" errors="0" timestamp="2024-08-17T14:50:09 CEST">
  <testcase classname="qa.testNG.Testcase3" name="testAddAndRemoveCandidate" time="192.638">
    <failure type="java.lang.AssertionError" message="Candidate count should have increased by 1 expected [1] but found [0]">
      <![CDATA[java.lang.AssertionError: Candidate count should have increased by 1 expected [1] but found [0]
at qa.testNG.Testcase3.testAddAndRemoveCandidate(Testcase3.java:86)
at java.base/java.util.ArrayList.forEach(ArrayList.java:1511)
... Removed 33 stack frames]]>
    </failure>
  </testcase> <!-- testAddAndRemoveCandidate -->
</testsuite> <!-- Test -->
